app/build/outputs/logs/manifest-merger-release-report.txt
-- Merging decision tree log ---
manifest
ADDED from src/main/AndroidManifest.xml:2:1-197:12
INJECTED from src/main/AndroidManifest.xml:2:1-197:12
INJECTED from src/main/AndroidManifest.xml:2:1-197:12
INJECTED from src/main/AndroidManifest.xml:2:1-197:12
MERGED from [com.google.firebase:firebase-core:11.8.0] AndroidManifest.xml:2:1-6:12
MERGED from [:invitereferrals] AndroidManifest.xml:2:1-25:12
MERGED from [com.crystal:crystalrangeseekbar:1.1.3] AndroidManifest.xml:2:1-17:12
MERGED from [com.mindorks:butterknifelite:0.0.3] AndroidManifest.xml:2:1-17:12
MERGED from [com.stripe:stripe-android:6.1.0] AndroidManifest.xml:2:1-27:12
MERGED from [com.iceteck.silicompressorr:silicompressor:2.1] AndroidManifest.xml:2:1-20:12
MERGED from [com.facebook.android:facebook-android-sdk:4.31.0] AndroidManifest.xml:21:1-31:12
MERGED from [com.facebook.android:facebook-login:4.31.0] AndroidManifest.xml:21:1-31:12
MERGED from [com.facebook.android:facebook-share:4.31.0] AndroidManifest.xml:21:1-31:12
MERGED from [com.facebook.android:facebook-common:4.31.0] AndroidManifest.xml:21:1-36:12
MERGED from [com.google.android.gms:play-services:11.8.0] AndroidManifest.xml:2:1-6:12
MERGED from [com.google.android.gms:play-services-cast-framework:11.8.0] AndroidManifest.xml:2:1-14:12
MERGED from [com.google.android.gms:play-services-cast:11.8.0] AndroidManifest.xml:17:1-24:12
MERGED from [com.android.support:mediarouter-v7:25.2.0] AndroidManifest.xml:17:1-24:12
MERGED from [com.android.support:design:27.0.2] AndroidManifest.xml:17:1-22:12
MERGED from [com.android.support:appcompat-v7:27.0.2] AndroidManifest.xml:17:1-22:12
MERGED from [com.android.support.constraint:constraint-layout:1.0.2] AndroidManifest.xml:2:1-11:12
MERGED from [com.intuit.sdp:sdp-android:1.0.4] AndroidManifest.xml:2:1-11:12
MERGED from [com.android.volley:volley:1.0.0] AndroidManifest.xml:2:1-11:12
MERGED from [com.android.support:cardview-v7:27.0.2] AndroidManifest.xml:17:1-22:12
MERGED from [com.google.android.gms:play-services-auth:11.8.0] AndroidManifest.xml:17:1-39:12
MERGED from [com.mindorks:placeholderview:0.7.0] AndroidManifest.xml:2:1-12:12
MERGED from [info.hoang8f:android-segmented:1.0.6] AndroidManifest.xml:2:1-11:12
MERGED from [de.hdodenhof:circleimageview:2.2.0] AndroidManifest.xml:2:1-11:12
MERGED from [com.android.support:multidex:1.0.3] AndroidManifest.xml:17:1-22:12
MERGED from [com.borjabravo:readmoretextview:2.1.0] AndroidManifest.xml:2:1-12:12
MERGED from [at.blogc:expandabletextview:1.0.5] AndroidManifest.xml:17:1-28:12
MERGED from [me.biubiubiu.justifytext:library:1.1] AndroidManifest.xml:2:1-11:12
MERGED from [com.google.firebase:firebase-crash:11.8.0] AndroidManifest.xml:17:1-27:12
MERGED from [com.google.android.gms:play-services-tagmanager:11.8.0] AndroidManifest.xml:17:1-22:12
MERGED from [com.google.android.gms:play-services-tagmanager-api:11.8.0] AndroidManifest.xml:17:1-47:12
MERGED from [com.google.firebase:firebase-analytics:11.8.0] AndroidManifest.xml:17:1-54:12
MERGED from [com.google.android.gms:play-services-auth-api-phone:11.8.0] AndroidManifest.xml:2:1-7:12
MERGED from [com.google.android.gms:play-services-auth-base:11.8.0] AndroidManifest.xml:2:1-7:12
MERGED from [com.google.android.gms:play-services-analytics:11.8.0] AndroidManifest.xml:17:1-47:12
MERGED from [com.google.android.gms:play-services-tagmanager-v4-impl:11.8.0] AndroidManifest.xml:17:1-24:12
MERGED from [com.google.android.gms:play-services-analytics-impl:11.8.0] AndroidManifest.xml:17:1-31:12
MERGED from [com.google.android.gms:play-services-appinvite:11.8.0] AndroidManifest.xml:17:1-37:12
MERGED from [com.google.firebase:firebase-config:11.8.0] AndroidManifest.xml:17:1-24:12
MERGED from [com.google.android.gms:play-services-awareness:11.8.0] AndroidManifest.xml:17:1-24:12
MERGED from [com.google.android.gms:play-services-games:11.8.0] AndroidManifest.xml:17:1-24:12
MERGED from [com.google.android.gms:play-services-drive:11.8.0] AndroidManifest.xml:17:1-24:12
MERGED from [com.google.android.gms:play-services-fido:11.8.0] AndroidManifest.xml:2:1-10:12
MERGED from [com.google.firebase:firebase-auth:11.8.0] AndroidManifest.xml:17:1-32:12
MERGED from [com.google.firebase:firebase-dynamic-links:11.8.0] AndroidManifest.xml:2:1-9:12
MERGED from [com.google.android.gms:play-services-fitness:11.8.0] AndroidManifest.xml:17:1-24:12
MERGED from [com.google.android.gms:play-services-gcm:11.8.0] AndroidManifest.xml:17:1-28:12
MERGED from [com.google.firebase:firebase-appindexing:11.8.0] AndroidManifest.xml:17:1-24:12
MERGED from [com.google.android.gms:play-services-wallet:11.8.0] AndroidManifest.xml:17:1-22:12
MERGED from [com.google.android.gms:play-services-identity:11.8.0] AndroidManifest.xml:17:1-24:12
MERGED from [com.google.android.gms:play-services-iid:11.8.0] AndroidManifest.xml:17:1-28:12
MERGED from [com.google.android.gms:play-services-instantapps:11.8.0] AndroidManifest.xml:2:1-7:12
MERGED from [com.google.android.gms:play-services-location:11.8.0] AndroidManifest.xml:2:1-9:12
MERGED from [com.google.android.gms:play-services-places:11.8.0] AndroidManifest.xml:17:1-24:12
MERGED from [com.google.android.gms:play-services-maps:11.8.0] AndroidManifest.xml:17:1-32:12
MERGED from [com.google.android.gms:play-services-nearby:11.8.0] AndroidManifest.xml:2:1-11:12
MERGED from [com.google.android.gms:play-services-panorama:11.8.0] AndroidManifest.xml:17:1-24:12
MERGED from [com.google.android.gms:play-services-plus:11.8.0] AndroidManifest.xml:17:1-24:12
MERGED from [com.google.android.gms:play-services-safetynet:11.8.0] AndroidManifest.xml:17:1-24:12
MERGED from [com.google.android.gms:play-services-vision:11.8.0] AndroidManifest.xml:2:1-9:12
MERGED from [com.google.android.gms:play-services-vision-common:11.8.0] AndroidManifest.xml:2:1-9:12
MERGED from [com.google.android.gms:play-services-wearable:11.8.0] AndroidManifest.xml:17:1-24:12
MERGED from [com.google.android.gms:play-services-base:11.8.0] AndroidManifest.xml:17:1-29:12
MERGED from [com.google.firebase:firebase-database:11.8.0] AndroidManifest.xml:2:1-8:12
MERGED from [com.google.firebase:firebase-messaging:11.8.0] AndroidManifest.xml:17:1-37:12
MERGED from [com.google.firebase:firebase-analytics-impl:11.8.0] AndroidManifest.xml:17:1-40:12
MERGED from [com.google.firebase:firebase-iid:11.8.0] AndroidManifest.xml:17:1-59:12
MERGED from [com.google.firebase:firebase-storage:11.8.0] AndroidManifest.xml:2:1-8:12
MERGED from [com.google.firebase:firebase-database-connection:11.8.0] AndroidManifest.xml:2:1-8:12
MERGED from [com.google.firebase:firebase-common:11.8.0] AndroidManifest.xml:2:1-15:12
MERGED from [com.google.android.gms:play-services-tasks:11.8.0] AndroidManifest.xml:2:1-9:12
MERGED from [com.google.android.gms:play-services-ads:11.8.0] AndroidManifest.xml:17:1-25:12
MERGED from [com.google.android.gms:play-services-ads-lite:11.8.0] AndroidManifest.xml:17:1-36:12
MERGED from [com.google.firebase:firebase-storage-common:11.8.0] AndroidManifest.xml:2:1-8:12
MERGED from [com.google.android.gms:play-services-gass:11.8.0] AndroidManifest.xml:2:1-9:12
MERGED from [com.google.android.gms:play-services-basement:11.8.0] AndroidManifest.xml:17:1-28:12
MERGED from [com.android.support:support-v4:27.0.2] AndroidManifest.xml:17:1-22:12
MERGED from [com.android.support:recyclerview-v7:27.0.2] AndroidManifest.xml:17:1-22:12
MERGED from [com.android.support:transition:27.0.2] AndroidManifest.xml:17:1-22:12
MERGED from [com.facebook.android:facebook-places:4.31.0] AndroidManifest.xml:21:1-31:12
MERGED from [com.facebook.android:facebook-applinks:4.31.0] AndroidManifest.xml:21:1-31:12
MERGED from [com.facebook.android:facebook-messenger:4.31.0] AndroidManifest.xml:21:1-31:12
MERGED from [com.facebook.android:facebook-core:4.31.0] AndroidManifest.xml:21:1-45:12
MERGED from [com.android.support:customtabs:27.0.2] AndroidManifest.xml:17:1-22:12
MERGED from [com.android.support:support-fragment:27.0.2] AndroidManifest.xml:17:1-22:12
MERGED from [com.android.support:animated-vector-drawable:27.0.2] AndroidManifest.xml:17:1-22:12
MERGED from [com.android.support:support-vector-drawable:27.0.2] AndroidManifest.xml:17:1-22:12
MERGED from [com.android.support:support-media-compat:27.0.2] AndroidManifest.xml:17:1-22:12
MERGED from [com.android.support:palette-v7:25.2.0] AndroidManifest.xml:17:1-25:12
MERGED from [com.android.support:support-core-utils:27.0.2] AndroidManifest.xml:17:1-22:12
MERGED from [com.android.support:support-core-ui:27.0.2] AndroidManifest.xml:17:1-22:12
MERGED from [com.android.support:support-compat:27.0.2] AndroidManifest.xml:17:1-22:12
MERGED from [com.google.firebase:firebase-analytics-license:11.8.0] AndroidManifest.xml:2:1-6:12
MERGED from [com.google.android.gms:play-services-auth-api-phone-license:11.8.0] AndroidManifest.xml:2:1-6:12
MERGED from [com.google.android.gms:play-services-auth-base-license:11.8.0] AndroidManifest.xml:2:1-6:12
MERGED from [com.google.android.gms:play-services-base-license:11.8.0] AndroidManifest.xml:2:1-6:12
MERGED from [com.google.android.gms:play-services-basement-license:11.8.0] AndroidManifest.xml:2:1-6:12
MERGED from [com.google.android.gms:play-services-tasks-license:11.8.0] AndroidManifest.xml:2:1-6:12
MERGED from [com.google.android.gms:play-services-ads-license:11.8.0] AndroidManifest.xml:2:1-6:12
MERGED from [com.google.android.gms:play-services-ads-lite-license:11.8.0] AndroidManifest.xml:2:1-6:12
MERGED from [com.google.android.gms:play-services-analytics-license:11.8.0] AndroidManifest.xml:2:1-6:12
MERGED from [com.google.android.gms:play-services-analytics-impl-license:11.8.0] AndroidManifest.xml:2:1-6:12
MERGED from [com.google.android.gms:play-services-appinvite-license:11.8.0] AndroidManifest.xml:2:1-6:12
MERGED from [com.google.android.gms:play-services-cast-framework-license:11.8.0] AndroidManifest.xml:2:1-6:12
MERGED from [com.google.android.gms:play-services-cast-license:11.8.0] AndroidManifest.xml:2:1-6:12
MERGED from [com.google.firebase:firebase-config-license:11.8.0] AndroidManifest.xml:2:1-6:12
MERGED from [com.google.android.gms:play-services-awareness-license:11.8.0] AndroidManifest.xml:2:1-6:12
MERGED from [com.google.firebase:firebase-crash-license:11.8.0] AndroidManifest.xml:2:1-6:12
MERGED from [com.google.android.gms:play-services-drive-license:11.8.0] AndroidManifest.xml:2:1-6:12
MERGED from [com.google.android.gms:play-services-fido-license:11.8.0] AndroidManifest.xml:2:1-6:12
MERGED from [com.google.firebase:firebase-auth-license:11.8.0] AndroidManifest.xml:2:1-6:12
MERGED from [com.google.firebase:firebase-database-connection-license:11.8.0] AndroidManifest.xml:2:1-6:12
MERGED from [com.google.firebase:firebase-database-license:11.8.0] AndroidManifest.xml:2:1-6:12
MERGED from [com.google.firebase:firebase-dynamic-links-license:11.8.0] AndroidManifest.xml:2:1-6:12
MERGED from [com.google.firebase:firebase-iid-license:11.8.0] AndroidManifest.xml:2:1-6:12
MERGED from [com.google.firebase:firebase-messaging-license:11.8.0] AndroidManifest.xml:2:1-6:12
MERGED from [com.google.firebase:firebase-storage-license:11.8.0] AndroidManifest.xml:2:1-6:12
MERGED from [com.google.firebase:firebase-storage-common-license:11.8.0] AndroidManifest.xml:2:1-6:12
MERGED from [com.google.firebase:firebase-common-license:11.8.0] AndroidManifest.xml:2:1-6:12
MERGED from [com.google.android.gms:play-services-fitness-license:11.8.0] AndroidManifest.xml:2:1-6:12
MERGED from [com.google.android.gms:play-services-games-license:11.8.0] AndroidManifest.xml:2:1-6:12
MERGED from [com.google.android.gms:play-services-gass-license:11.8.0] AndroidManifest.xml:2:1-6:12
MERGED from [com.google.android.gms:play-services-gcm-license:11.8.0] AndroidManifest.xml:2:1-6:12
MERGED from [com.google.firebase:firebase-appindexing-license:11.8.0] AndroidManifest.xml:2:1-6:12
MERGED from [com.google.android.gms:play-services-identity-license:11.8.0] AndroidManifest.xml:2:1-6:12
MERGED from [com.google.android.gms:play-services-iid-license:11.8.0] AndroidManifest.xml:2:1-6:12
MERGED from [com.google.android.gms:play-services-instantapps-license:11.8.0] AndroidManifest.xml:2:1-6:12
MERGED from [com.google.android.gms:play-services-location-license:11.8.0] AndroidManifest.xml:2:1-6:12
MERGED from [com.google.android.gms:play-services-maps-license:11.8.0] AndroidManifest.xml:2:1-6:12
MERGED from [com.google.firebase:firebase-analytics-impl-license:11.8.0] AndroidManifest.xml:2:1-6:12
MERGED from [com.google.android.gms:play-services-nearby-license:11.8.0] AndroidManifest.xml:2:1-6:12
MERGED from [com.google.android.gms:play-services-panorama-license:11.8.0] AndroidManifest.xml:2:1-6:12
MERGED from [com.google.android.gms:play-services-places-license:11.8.0] AndroidManifest.xml:2:1-6:12
MERGED from [com.google.android.gms:play-services-plus-license:11.8.0] AndroidManifest.xml:2:1-6:12
MERGED from [com.google.android.gms:play-services-safetynet-license:11.8.0] AndroidManifest.xml:2:1-6:12
MERGED from [com.google.android.gms:play-services-tagmanager-api-license:11.8.0] AndroidManifest.xml:2:1-6:12
MERGED from [com.google.android.gms:play-services-tagmanager-license:11.8.0] AndroidManifest.xml:2:1-6:12
MERGED from [com.google.android.gms:play-services-tagmanager-v4-impl-license:11.8.0] AndroidManifest.xml:2:1-6:12
MERGED from [com.google.android.gms:play-services-vision-common-license:11.8.0] AndroidManifest.xml:2:1-6:12
MERGED from [com.google.android.gms:play-services-vision-license:11.8.0] AndroidManifest.xml:2:1-6:12
MERGED from [com.google.android.gms:play-services-wallet-license:11.8.0] AndroidManifest.xml:2:1-6:12
MERGED from [com.google.android.gms:play-services-wearable-license:11.8.0] AndroidManifest.xml:2:1-6:12
MERGED from [android.arch.lifecycle:runtime:1.0.3] AndroidManifest.xml:17:1-24:12
INJECTED from src/main/AndroidManifest.xml:2:1-197:12
INJECTED from src/main/AndroidManifest.xml:2:1-197:12
INJECTED from src/main/AndroidManifest.xml:2:1-197:12
	package
		ADDED from src/main/AndroidManifest.xml:4:5-32
		INJECTED from src/main/AndroidManifest.xml
		INJECTED from src/main/AndroidManifest.xml
	android:versionName
		INJECTED from src/main/AndroidManifest.xml
		ADDED from src/main/AndroidManifest.xml:2:1-197:12
		INJECTED from src/main/AndroidManifest.xml
	xmlns:tools
		ADDED from src/main/AndroidManifest.xml:3:5-51
	android:versionCode
		INJECTED from src/main/AndroidManifest.xml
		ADDED from src/main/AndroidManifest.xml:2:1-197:12
		INJECTED from src/main/AndroidManifest.xml
	xmlns:android
		ADDED from src/main/AndroidManifest.xml:2:11-69
uses-permission#android.permission.ACCESS_COARSE_LOCATION
ADDED from src/main/AndroidManifest.xml:6:5-81
	android:name
		ADDED from src/main/AndroidManifest.xml:6:22-78
uses-permission#android.permission.ACCESS_WIFI_STATE
ADDED from src/main/AndroidManifest.xml:7:5-76
	android:name
		ADDED from src/main/AndroidManifest.xml:7:22-73
uses-permission#android.permission.ACCESS_NETWORK_STATE
ADDED from src/main/AndroidManifest.xml:8:5-79
MERGED from [com.google.android.gms:play-services-tagmanager-api:11.8.0] AndroidManifest.xml:24:5-79
MERGED from [com.google.android.gms:play-services-tagmanager-api:11.8.0] AndroidManifest.xml:24:5-79
MERGED from [com.google.firebase:firebase-analytics:11.8.0] AndroidManifest.xml:24:5-79
MERGED from [com.google.firebase:firebase-analytics:11.8.0] AndroidManifest.xml:24:5-79
MERGED from [com.google.android.gms:play-services-analytics:11.8.0] AndroidManifest.xml:24:5-79
MERGED from [com.google.android.gms:play-services-analytics:11.8.0] AndroidManifest.xml:24:5-79
MERGED from [com.google.android.gms:play-services-analytics-impl:11.8.0] AndroidManifest.xml:24:5-79
MERGED from [com.google.android.gms:play-services-analytics-impl:11.8.0] AndroidManifest.xml:24:5-79
MERGED from [com.google.android.gms:play-services-maps:11.8.0] AndroidManifest.xml:23:5-79
MERGED from [com.google.android.gms:play-services-maps:11.8.0] AndroidManifest.xml:23:5-79
MERGED from [com.google.android.gms:play-services-nearby:11.8.0] AndroidManifest.xml:7:5-79
MERGED from [com.google.android.gms:play-services-nearby:11.8.0] AndroidManifest.xml:7:5-79
MERGED from [com.google.firebase:firebase-analytics-impl:11.8.0] AndroidManifest.xml:24:5-79
MERGED from [com.google.firebase:firebase-analytics-impl:11.8.0] AndroidManifest.xml:24:5-79
MERGED from [com.google.firebase:firebase-iid:11.8.0] AndroidManifest.xml:22:5-79
MERGED from [com.google.firebase:firebase-iid:11.8.0] AndroidManifest.xml:22:5-79
MERGED from [com.google.android.gms:play-services-ads-lite:11.8.0] AndroidManifest.xml:24:5-79
MERGED from [com.google.android.gms:play-services-ads-lite:11.8.0] AndroidManifest.xml:24:5-79
	android:name
		ADDED from src/main/AndroidManifest.xml:8:22-76
uses-permission#android.permission.CAMERA
ADDED from src/main/AndroidManifest.xml:9:5-65
	android:name
		ADDED from src/main/AndroidManifest.xml:9:22-62
uses-permission#android.permission.WRITE_EXTERNAL_STORAGE
ADDED from src/main/AndroidManifest.xml:10:5-81
MERGED from [com.iceteck.silicompressorr:silicompressor:2.1] AndroidManifest.xml:12:5-81
MERGED from [com.iceteck.silicompressorr:silicompressor:2.1] AndroidManifest.xml:12:5-81
	android:name
		ADDED from src/main/AndroidManifest.xml:10:22-78
uses-permission#android.permission.READ_EXTERNAL_STORAGE
ADDED from src/main/AndroidManifest.xml:11:5-80
MERGED from [com.iceteck.silicompressorr:silicompressor:2.1] AndroidManifest.xml:11:5-80
MERGED from [com.iceteck.silicompressorr:silicompressor:2.1] AndroidManifest.xml:11:5-80
	android:name
		ADDED from src/main/AndroidManifest.xml:11:22-77
uses-permission#android.permission.MEDIA_CONTENT_CONTROL
ADDED from src/main/AndroidManifest.xml:12:5-13:47
	tools:ignore
		ADDED from src/main/AndroidManifest.xml:13:9-44
	android:name
		ADDED from src/main/AndroidManifest.xml:12:22-77
uses-permission#android.permission.INTERNET
ADDED from src/main/AndroidManifest.xml:14:5-66
MERGED from [com.google.firebase:firebase-crash:11.8.0] AndroidManifest.xml:22:5-67
MERGED from [com.google.firebase:firebase-crash:11.8.0] AndroidManifest.xml:22:5-67
MERGED from [com.google.android.gms:play-services-tagmanager-api:11.8.0] AndroidManifest.xml:23:5-67
MERGED from [com.google.android.gms:play-services-tagmanager-api:11.8.0] AndroidManifest.xml:23:5-67
MERGED from [com.google.firebase:firebase-analytics:11.8.0] AndroidManifest.xml:23:5-67
MERGED from [com.google.firebase:firebase-analytics:11.8.0] AndroidManifest.xml:23:5-67
MERGED from [com.google.android.gms:play-services-analytics:11.8.0] AndroidManifest.xml:23:5-67
MERGED from [com.google.android.gms:play-services-analytics:11.8.0] AndroidManifest.xml:23:5-67
MERGED from [com.google.android.gms:play-services-analytics-impl:11.8.0] AndroidManifest.xml:23:5-67
MERGED from [com.google.android.gms:play-services-analytics-impl:11.8.0] AndroidManifest.xml:23:5-67
MERGED from [com.google.android.gms:play-services-appinvite:11.8.0] AndroidManifest.xml:22:5-67
MERGED from [com.google.android.gms:play-services-appinvite:11.8.0] AndroidManifest.xml:22:5-67
MERGED from [com.google.android.gms:play-services-gcm:11.8.0] AndroidManifest.xml:24:5-67
MERGED from [com.google.android.gms:play-services-gcm:11.8.0] AndroidManifest.xml:24:5-67
MERGED from [com.google.android.gms:play-services-iid:11.8.0] AndroidManifest.xml:24:5-67
MERGED from [com.google.android.gms:play-services-iid:11.8.0] AndroidManifest.xml:24:5-67
MERGED from [com.google.android.gms:play-services-maps:11.8.0] AndroidManifest.xml:24:5-67
MERGED from [com.google.android.gms:play-services-maps:11.8.0] AndroidManifest.xml:24:5-67
MERGED from [com.google.firebase:firebase-analytics-impl:11.8.0] AndroidManifest.xml:23:5-67
MERGED from [com.google.firebase:firebase-analytics-impl:11.8.0] AndroidManifest.xml:23:5-67
MERGED from [com.google.firebase:firebase-iid:11.8.0] AndroidManifest.xml:23:5-67
MERGED from [com.google.firebase:firebase-iid:11.8.0] AndroidManifest.xml:23:5-67
MERGED from [com.google.android.gms:play-services-ads-lite:11.8.0] AndroidManifest.xml:23:5-67
MERGED from [com.google.android.gms:play-services-ads-lite:11.8.0] AndroidManifest.xml:23:5-67
	android:name
		ADDED from src/main/AndroidManifest.xml:14:22-64
uses-permission#android.permission.GET_TASKS
ADDED from src/main/AndroidManifest.xml:15:5-68
	android:name
		ADDED from src/main/AndroidManifest.xml:15:22-65
application
ADDED from src/main/AndroidManifest.xml:17:5-196:19
MERGED from [com.google.firebase:firebase-core:11.8.0] AndroidManifest.xml:5:5-20
MERGED from [com.google.firebase:firebase-core:11.8.0] AndroidManifest.xml:5:5-20
MERGED from [:invitereferrals] AndroidManifest.xml:11:5-23:19
MERGED from [:invitereferrals] AndroidManifest.xml:11:5-23:19
MERGED from [com.crystal:crystalrangeseekbar:1.1.3] AndroidManifest.xml:11:5-15:19
MERGED from [com.crystal:crystalrangeseekbar:1.1.3] AndroidManifest.xml:11:5-15:19
MERGED from [com.mindorks:butterknifelite:0.0.3] AndroidManifest.xml:11:5-15:19
MERGED from [com.mindorks:butterknifelite:0.0.3] AndroidManifest.xml:11:5-15:19
MERGED from [com.stripe:stripe-android:6.1.0] AndroidManifest.xml:11:5-25:19
MERGED from [com.stripe:stripe-android:6.1.0] AndroidManifest.xml:11:5-25:19
MERGED from [com.iceteck.silicompressorr:silicompressor:2.1] AndroidManifest.xml:14:5-18:19
MERGED from [com.iceteck.silicompressorr:silicompressor:2.1] AndroidManifest.xml:14:5-18:19
MERGED from [com.facebook.android:facebook-android-sdk:4.31.0] AndroidManifest.xml:28:5-29:19
MERGED from [com.facebook.android:facebook-android-sdk:4.31.0] AndroidManifest.xml:28:5-29:19
MERGED from [com.facebook.android:facebook-login:4.31.0] AndroidManifest.xml:28:5-29:19
MERGED from [com.facebook.android:facebook-login:4.31.0] AndroidManifest.xml:28:5-29:19
MERGED from [com.facebook.android:facebook-share:4.31.0] AndroidManifest.xml:28:5-29:19
MERGED from [com.facebook.android:facebook-share:4.31.0] AndroidManifest.xml:28:5-29:19
MERGED from [com.facebook.android:facebook-common:4.31.0] AndroidManifest.xml:28:5-34:19
MERGED from [com.facebook.android:facebook-common:4.31.0] AndroidManifest.xml:28:5-34:19
MERGED from [com.google.android.gms:play-services:11.8.0] AndroidManifest.xml:5:5-20
MERGED from [com.google.android.gms:play-services:11.8.0] AndroidManifest.xml:5:5-20
MERGED from [com.google.android.gms:play-services-cast-framework:11.8.0] AndroidManifest.xml:7:5-12:19
MERGED from [com.google.android.gms:play-services-cast-framework:11.8.0] AndroidManifest.xml:7:5-12:19
MERGED from [com.google.android.gms:play-services-cast:11.8.0] AndroidManifest.xml:22:5-20
MERGED from [com.google.android.gms:play-services-cast:11.8.0] AndroidManifest.xml:22:5-20
MERGED from [com.android.support:mediarouter-v7:25.2.0] AndroidManifest.xml:22:5-20
MERGED from [com.android.support:mediarouter-v7:25.2.0] AndroidManifest.xml:22:5-20
MERGED from [com.android.support.constraint:constraint-layout:1.0.2] AndroidManifest.xml:9:5-20
MERGED from [com.android.support.constraint:constraint-layout:1.0.2] AndroidManifest.xml:9:5-20
MERGED from [com.android.volley:volley:1.0.0] AndroidManifest.xml:9:5-20
MERGED from [com.android.volley:volley:1.0.0] AndroidManifest.xml:9:5-20
MERGED from [com.google.android.gms:play-services-auth:11.8.0] AndroidManifest.xml:22:5-37:19
MERGED from [com.google.android.gms:play-services-auth:11.8.0] AndroidManifest.xml:22:5-37:19
MERGED from [de.hdodenhof:circleimageview:2.2.0] AndroidManifest.xml:9:5-20
MERGED from [de.hdodenhof:circleimageview:2.2.0] AndroidManifest.xml:9:5-20
MERGED from [at.blogc:expandabletextview:1.0.5] AndroidManifest.xml:26:5-20
MERGED from [at.blogc:expandabletextview:1.0.5] AndroidManifest.xml:26:5-20
MERGED from [com.google.firebase:firebase-crash:11.8.0] AndroidManifest.xml:24:5-25:19
MERGED from [com.google.firebase:firebase-crash:11.8.0] AndroidManifest.xml:24:5-25:19
MERGED from [com.google.android.gms:play-services-tagmanager-api:11.8.0] AndroidManifest.xml:26:5-45:19
MERGED from [com.google.android.gms:play-services-tagmanager-api:11.8.0] AndroidManifest.xml:26:5-45:19
MERGED from [com.google.firebase:firebase-analytics:11.8.0] AndroidManifest.xml:27:5-52:19
MERGED from [com.google.firebase:firebase-analytics:11.8.0] AndroidManifest.xml:27:5-52:19
MERGED from [com.google.android.gms:play-services-analytics:11.8.0] AndroidManifest.xml:29:5-45:19
MERGED from [com.google.android.gms:play-services-analytics:11.8.0] AndroidManifest.xml:29:5-45:19
MERGED from [com.google.android.gms:play-services-tagmanager-v4-impl:11.8.0] AndroidManifest.xml:22:5-20
MERGED from [com.google.android.gms:play-services-tagmanager-v4-impl:11.8.0] AndroidManifest.xml:22:5-20
MERGED from [com.google.android.gms:play-services-analytics-impl:11.8.0] AndroidManifest.xml:29:5-20
MERGED from [com.google.android.gms:play-services-analytics-impl:11.8.0] AndroidManifest.xml:29:5-20
MERGED from [com.google.android.gms:play-services-appinvite:11.8.0] AndroidManifest.xml:24:5-35:19
MERGED from [com.google.android.gms:play-services-appinvite:11.8.0] AndroidManifest.xml:24:5-35:19
MERGED from [com.google.firebase:firebase-config:11.8.0] AndroidManifest.xml:22:5-20
MERGED from [com.google.firebase:firebase-config:11.8.0] AndroidManifest.xml:22:5-20
MERGED from [com.google.android.gms:play-services-awareness:11.8.0] AndroidManifest.xml:22:5-20
MERGED from [com.google.android.gms:play-services-awareness:11.8.0] AndroidManifest.xml:22:5-20
MERGED from [com.google.android.gms:play-services-games:11.8.0] AndroidManifest.xml:22:5-20
MERGED from [com.google.android.gms:play-services-games:11.8.0] AndroidManifest.xml:22:5-20
MERGED from [com.google.android.gms:play-services-drive:11.8.0] AndroidManifest.xml:22:5-20
MERGED from [com.google.android.gms:play-services-drive:11.8.0] AndroidManifest.xml:22:5-20
MERGED from [com.google.android.gms:play-services-fido:11.8.0] AndroidManifest.xml:7:5-8:19
MERGED from [com.google.android.gms:play-services-fido:11.8.0] AndroidManifest.xml:7:5-8:19
MERGED from [com.google.firebase:firebase-auth:11.8.0] AndroidManifest.xml:22:5-30:19
MERGED from [com.google.firebase:firebase-auth:11.8.0] AndroidManifest.xml:22:5-30:19
MERGED from [com.google.firebase:firebase-dynamic-links:11.8.0] AndroidManifest.xml:7:5-20
MERGED from [com.google.firebase:firebase-dynamic-links:11.8.0] AndroidManifest.xml:7:5-20
MERGED from [com.google.android.gms:play-services-fitness:11.8.0] AndroidManifest.xml:22:5-20
MERGED from [com.google.android.gms:play-services-fitness:11.8.0] AndroidManifest.xml:22:5-20
MERGED from [com.google.android.gms:play-services-gcm:11.8.0] AndroidManifest.xml:26:5-20
MERGED from [com.google.android.gms:play-services-gcm:11.8.0] AndroidManifest.xml:26:5-20
MERGED from [com.google.firebase:firebase-appindexing:11.8.0] AndroidManifest.xml:22:5-20
MERGED from [com.google.firebase:firebase-appindexing:11.8.0] AndroidManifest.xml:22:5-20
MERGED from [com.google.android.gms:play-services-identity:11.8.0] AndroidManifest.xml:22:5-20
MERGED from [com.google.android.gms:play-services-identity:11.8.0] AndroidManifest.xml:22:5-20
MERGED from [com.google.android.gms:play-services-iid:11.8.0] AndroidManifest.xml:26:5-20
MERGED from [com.google.android.gms:play-services-iid:11.8.0] AndroidManifest.xml:26:5-20
MERGED from [com.google.android.gms:play-services-location:11.8.0] AndroidManifest.xml:7:5-20
MERGED from [com.google.android.gms:play-services-location:11.8.0] AndroidManifest.xml:7:5-20
MERGED from [com.google.android.gms:play-services-places:11.8.0] AndroidManifest.xml:22:5-20
MERGED from [com.google.android.gms:play-services-places:11.8.0] AndroidManifest.xml:22:5-20
MERGED from [com.google.android.gms:play-services-maps:11.8.0] AndroidManifest.xml:30:5-20
MERGED from [com.google.android.gms:play-services-maps:11.8.0] AndroidManifest.xml:30:5-20
MERGED from [com.google.android.gms:play-services-nearby:11.8.0] AndroidManifest.xml:9:5-20
MERGED from [com.google.android.gms:play-services-nearby:11.8.0] AndroidManifest.xml:9:5-20
MERGED from [com.google.android.gms:play-services-panorama:11.8.0] AndroidManifest.xml:22:5-20
MERGED from [com.google.android.gms:play-services-panorama:11.8.0] AndroidManifest.xml:22:5-20
MERGED from [com.google.android.gms:play-services-plus:11.8.0] AndroidManifest.xml:22:5-20
MERGED from [com.google.android.gms:play-services-plus:11.8.0] AndroidManifest.xml:22:5-20
MERGED from [com.google.android.gms:play-services-safetynet:11.8.0] AndroidManifest.xml:22:5-20
MERGED from [com.google.android.gms:play-services-safetynet:11.8.0] AndroidManifest.xml:22:5-20
MERGED from [com.google.android.gms:play-services-vision:11.8.0] AndroidManifest.xml:7:5-20
MERGED from [com.google.android.gms:play-services-vision:11.8.0] AndroidManifest.xml:7:5-20
MERGED from [com.google.android.gms:play-services-vision-common:11.8.0] AndroidManifest.xml:7:5-20
MERGED from [com.google.android.gms:play-services-vision-common:11.8.0] AndroidManifest.xml:7:5-20
MERGED from [com.google.android.gms:play-services-wearable:11.8.0] AndroidManifest.xml:22:5-20
MERGED from [com.google.android.gms:play-services-wearable:11.8.0] AndroidManifest.xml:22:5-20
MERGED from [com.google.android.gms:play-services-base:11.8.0] AndroidManifest.xml:22:5-27:19
MERGED from [com.google.android.gms:play-services-base:11.8.0] AndroidManifest.xml:22:5-27:19
MERGED from [com.google.firebase:firebase-messaging:11.8.0] AndroidManifest.xml:22:5-35:19
MERGED from [com.google.firebase:firebase-messaging:11.8.0] AndroidManifest.xml:22:5-35:19
MERGED from [com.google.firebase:firebase-analytics-impl:11.8.0] AndroidManifest.xml:27:5-38:19
MERGED from [com.google.firebase:firebase-analytics-impl:11.8.0] AndroidManifest.xml:27:5-38:19
MERGED from [com.google.firebase:firebase-iid:11.8.0] AndroidManifest.xml:34:5-57:19
MERGED from [com.google.firebase:firebase-iid:11.8.0] AndroidManifest.xml:34:5-57:19
MERGED from [com.google.firebase:firebase-common:11.8.0] AndroidManifest.xml:7:5-13:19
MERGED from [com.google.firebase:firebase-common:11.8.0] AndroidManifest.xml:7:5-13:19